#
# A fatal error has been detected by the Java Runtime Environment:
#
#  Internal Error (javaClasses.cpp:129), pid=11056, tid=13184
#  fatal error: Invalid layout of preloaded class
#
# JRE version: 7.0_06-b24
# Java VM: Java HotSpot(TM) 64-Bit Server VM (23.2-b09 mixed mode windows-amd64 compressed oops)
# Failed to write core dump. Minidumps are not enabled by default on client versions of Windows
#
# If you would like to submit a bug report, please visit:
#   http://bugreport.sun.com/bugreport/crash.jsp
#

---------------  T H R E A D  ---------------

Current thread (0x000000000241d000):  JavaThread "Unknown thread" [_thread_in_vm, id=13184, stack(0x00000000026d0000,0x00000000027d0000)]

Stack: [0x00000000026d0000,0x00000000027d0000]

---------------  P R O C E S S  ---------------

Java Threads: ( => current thread )

Other Threads:

=>0x000000000241d000 (exited) JavaThread "Unknown thread" [_thread_in_vm, id=13184, stack(0x00000000026d0000,0x00000000027d0000)]

VM state:not at safepoint (not fully initialized)

VM Mutex/Monitor currently owned by a thread: None

GC Heap History (0 events):
No events

Deoptimization events (0 events):
No events

Internal exceptions (0 events):
No events

Events (10 events):
Event: 0.010 loading class 0x00000000022c07f0 done
Event: 0.010 loading class 0x0000000002282c30 done
Event: 0.010 loading class 0x0000000002282c00
Event: 0.010 loading class 0x0000000002310730
Event: 0.011 loading class 0x0000000002310730 done
Event: 0.011 loading class 0x0000000002310770
Event: 0.011 loading class 0x0000000002310770 done
Event: 0.011 loading class 0x000000000a17e0f0
Event: 0.011 loading class 0x000000000a17e0f0 done
Event: 0.011 loading class 0x0000000002282c00 done


Dynamic libraries:
0x000000013f2f0000 - 0x000000013f324000 	C:\Program Files\Java\jre7\bin\javaw.exe
0x0000000077750000 - 0x00000000778f9000 	C:\Windows\SYSTEM32\ntdll.dll
0x00000000774e0000 - 0x00000000775ff000 	C:\Windows\system32\kernel32.dll
0x000007fefdd40000 - 0x000007fefddab000 	C:\Windows\system32\KERNELBASE.dll
0x000007fefe000000 - 0x000007fefe0db000 	C:\Windows\system32\ADVAPI32.dll
0x000007feff6b0000 - 0x000007feff74f000 	C:\Windows\system32\msvcrt.dll
0x000007fefe0e0000 - 0x000007fefe0ff000 	C:\Windows\SYSTEM32\sechost.dll
0x000007feff7c0000 - 0x000007feff8ed000 	C:\Windows\system32\RPCRT4.dll
0x00000000773e0000 - 0x00000000774da000 	C:\Windows\system32\USER32.dll
0x000007feff210000 - 0x000007feff277000 	C:\Windows\system32\GDI32.dll
0x000007feff7b0000 - 0x000007feff7be000 	C:\Windows\system32\LPK.dll
0x000007feff8f0000 - 0x000007feff9b9000 	C:\Windows\system32\USP10.dll
0x000007fefc760000 - 0x000007fefc954000 	C:\Windows\WinSxS\amd64_microsoft.windows.common-controls_6595b64144ccf1df_6.0.7601.17514_none_fa396087175ac9ac\COMCTL32.dll
0x000007fefdf80000 - 0x000007fefdff1000 	C:\Windows\system32\SHLWAPI.dll
0x000007feff280000 - 0x000007feff2ae000 	C:\Windows\system32\IMM32.DLL
0x000007fefe100000 - 0x000007fefe209000 	C:\Windows\system32\MSCTF.dll
0x000007fefdb60000 - 0x000007fefdba4000 	C:\Windows\system32\nvinitx.dll
0x0000000063480000 - 0x0000000063551000 	C:\Program Files\Java\jre7\bin\msvcr100.dll
0x000000005bdf0000 - 0x000000005c50f000 	C:\Program Files\Java\jre7\bin\server\jvm.dll
0x000007fef8840000 - 0x000007fef8849000 	C:\Windows\system32\WSOCK32.dll
0x000007feff660000 - 0x000007feff6ad000 	C:\Windows\system32\WS2_32.dll
0x000007fefe210000 - 0x000007fefe218000 	C:\Windows\system32\NSI.dll
0x000007fefaa60000 - 0x000007fefaa9b000 	C:\Windows\system32\WINMM.dll
0x0000000077910000 - 0x0000000077917000 	C:\Windows\system32\PSAPI.DLL
0x00000000659c0000 - 0x00000000659cf000 	C:\Program Files\Java\jre7\bin\verify.dll
0x0000000063610000 - 0x0000000063638000 	C:\Program Files\Java\jre7\bin\java.dll
0x00000000635f0000 - 0x0000000063605000 	C:\Program Files\Java\jre7\bin\zip.dll

VM Arguments:
jvm_args: -ea -Dfile.encoding=Cp1252 -Xbootclasspath:C:\Users\Alex\Desktop\adt-bundle-windows-x86_64\sdk\platforms\android-17\android.jar 
java_command: org.eclipse.jdt.internal.junit.runner.RemoteTestRunner -version 3 -port 51087 -testLoaderClass org.eclipse.jdt.internal.junit4.runner.JUnit4TestLoader -loaderpluginname org.eclipse.jdt.junit4.runtime -classNames com.example.scholarscraper.AssignmentTest
Launcher Type: SUN_STANDARD

Environment Variables:
CLASSPATH=.;C:\Program Files (x86)\Java\jre7\lib\ext\QTJava.zip
PATH=C:\Program Files\Common Files\Microsoft Shared\Windows Live;C:\Program Files (x86)\Common Files\Microsoft Shared\Windows Live;C:\Program Files (x86)\Intel\iCLS Client\;C:\Program Files\Intel\iCLS Client\;C:\Program Files (x86)\NVIDIA Corporation\PhysX\Common;C:\Windows\system32;C:\Windows;C:\Windows\System32\Wbem;C:\Windows\System32\WindowsPowerShell\v1.0\;C:\Program Files (x86)\Intel\OpenCL SDK\2.0\bin\x86;C:\Program Files (x86)\Intel\OpenCL SDK\2.0\bin\x64;C:\Program Files\Intel\Intel(R) Management Engine Components\DAL;C:\Program Files\Intel\Intel(R) Management Engine Components\IPT;C:\Program Files (x86)\Intel\Intel(R) Management Engine Components\DAL;C:\Program Files (x86)\Intel\Intel(R) Management Engine Components\IPT;C:\Program Files\Intel\WiFi\bin\;C:\Program Files\Common Files\Intel\WirelessCommon\;C:\Program Files\Sony\VAIO Improvement\;C:\Program Files (x86)\Sony\VAIO Startup Setting Tool;C:\Program Files (x86)\Windows Live\Shared;C:\Program Files (x86)\QuickTime\QTSystem\
USERNAME=Alex
OS=Windows_NT
PROCESSOR_IDENTIFIER=Intel64 Family 6 Model 58 Stepping 9, GenuineIntel



---------------  S Y S T E M  ---------------

OS: Windows 7 , 64 bit Build 7601 Service Pack 1

CPU:total 4 (2 cores per cpu, 2 threads per core) family 6 model 58 stepping 9, cmov, cx8, fxsr, mmx, sse, sse2, sse3, ssse3, sse4.1, sse4.2, popcnt, avx, ht, tsc, tscinvbit, tscinv

Memory: 4k page, physical 6188316k(3130636k free), swap 12374772k(6870904k free)

vm_info: Java HotSpot(TM) 64-Bit Server VM (23.2-b09) for windows-amd64 JRE (1.7.0_06-b24), built on Aug  9 2012 20:44:07 by "java_re" with unknown MS VC++:1600

time: Sat Apr 20 19:19:30 2013
elapsed time: 0 seconds

